2019-04-12 13:52:54 [scrapy.utils.log] INFO: Scrapy 1.6.0 started (bot: merchant_crawler)
2019-04-12 13:52:54 [scrapy.utils.log] INFO: Versions: lxml 4.3.3.0, libxml2 2.9.9, cssselect 1.0.3, parsel 1.5.1, w3lib 1.20.0, Twisted 18.9.0, Python 3.7.0 (v3.7.0:1bf9cc5093, Jun 26 2018, 23:26:24) - [Clang 6.0 (clang-600.0.57)], pyOpenSSL 19.0.0 (OpenSSL 1.1.1b  26 Feb 2019), cryptography 2.6.1, Platform Darwin-18.2.0-x86_64-i386-64bit
2019-04-12 13:52:54 [scrapy.crawler] INFO: Overridden settings: {'BOT_NAME': 'merchant_crawler', 'LOG_FILE': 'log/scrapy_2019_4_12.log', 'NEWSPIDER_MODULE': 'merchant_crawler.spiders', 'SPIDER_MODULES': ['merchant_crawler.spiders']}
2019-04-12 13:52:54 [scrapy.extensions.telnet] INFO: Telnet Password: 612e16537aefbb41
2019-04-12 13:52:54 [scrapy.middleware] INFO: Enabled extensions:
['scrapy.extensions.corestats.CoreStats',
 'scrapy.extensions.telnet.TelnetConsole',
 'scrapy.extensions.memusage.MemoryUsage',
 'scrapy.extensions.logstats.LogStats']
2019-04-12 13:52:54 [scrapy.middleware] INFO: Enabled downloader middlewares:
['scrapy.downloadermiddlewares.httpauth.HttpAuthMiddleware',
 'scrapy.downloadermiddlewares.downloadtimeout.DownloadTimeoutMiddleware',
 'scrapy.downloadermiddlewares.defaultheaders.DefaultHeadersMiddleware',
 'scrapy.downloadermiddlewares.useragent.UserAgentMiddleware',
 'scrapy.downloadermiddlewares.retry.RetryMiddleware',
 'scrapy.downloadermiddlewares.redirect.MetaRefreshMiddleware',
 'scrapy.downloadermiddlewares.httpcompression.HttpCompressionMiddleware',
 'scrapy.downloadermiddlewares.redirect.RedirectMiddleware',
 'scrapy.downloadermiddlewares.cookies.CookiesMiddleware',
 'scrapy.downloadermiddlewares.httpproxy.HttpProxyMiddleware',
 'scrapy.downloadermiddlewares.stats.DownloaderStats']
2019-04-12 13:52:54 [scrapy.middleware] INFO: Enabled spider middlewares:
['scrapy.spidermiddlewares.httperror.HttpErrorMiddleware',
 'scrapy.spidermiddlewares.offsite.OffsiteMiddleware',
 'merchant_crawler.middlewares.browser.selenium.SeleniumMiddleware',
 'scrapy.spidermiddlewares.referer.RefererMiddleware',
 'scrapy.spidermiddlewares.urllength.UrlLengthMiddleware',
 'scrapy.spidermiddlewares.depth.DepthMiddleware']
2019-04-12 13:53:01 [scrapy.middleware] INFO: Enabled item pipelines:
['merchant_crawler.middlewares.db.mySqlConnection.mySqlconnection']
2019-04-12 13:53:01 [scrapy.core.engine] INFO: Spider opened
2019-04-12 13:53:01 [scrapy.extensions.logstats] INFO: Crawled 0 pages (at 0 pages/min), scraped 0 items (at 0 items/min)
2019-04-12 13:53:01 [scrapy.extensions.telnet] INFO: Telnet console listening on 127.0.0.1:6023
2019-04-12 13:53:01 [scrapy.core.engine] DEBUG: Crawled (200) <GET https://www.baidu.com/s?ie=utf-8&f=8&rsv_bp=1&ch=&tn=baiduerr&bar=&wd=123> (referer: None)
2019-04-12 13:53:01 [scrapy.core.engine] INFO: Closing spider (finished)
2019-04-12 13:53:01 [scrapy.statscollectors] INFO: Dumping Scrapy stats:
{'downloader/request_bytes': 263,
 'downloader/request_count': 1,
 'downloader/request_method_count/GET': 1,
 'downloader/response_bytes': 986,
 'downloader/response_count': 1,
 'downloader/response_status_count/200': 1,
 'finish_reason': 'finished',
 'finish_time': datetime.datetime(2019, 4, 12, 5, 53, 1, 583371),
 'log_count/DEBUG': 1,
 'log_count/INFO': 9,
 'memusage/max': 90329088,
 'memusage/startup': 90329088,
 'response_received_count': 1,
 'scheduler/dequeued': 1,
 'scheduler/dequeued/memory': 1,
 'scheduler/enqueued': 1,
 'scheduler/enqueued/memory': 1,
 'start_time': datetime.datetime(2019, 4, 12, 5, 53, 1, 361856)}
2019-04-12 13:53:01 [scrapy.core.engine] INFO: Spider closed (finished)
2019-04-12 13:55:32 [scrapy.utils.log] INFO: Scrapy 1.6.0 started (bot: merchant_crawler)
2019-04-12 13:55:32 [scrapy.utils.log] INFO: Versions: lxml 4.3.3.0, libxml2 2.9.9, cssselect 1.0.3, parsel 1.5.1, w3lib 1.20.0, Twisted 18.9.0, Python 3.7.0 (v3.7.0:1bf9cc5093, Jun 26 2018, 23:26:24) - [Clang 6.0 (clang-600.0.57)], pyOpenSSL 19.0.0 (OpenSSL 1.1.1b  26 Feb 2019), cryptography 2.6.1, Platform Darwin-18.2.0-x86_64-i386-64bit
2019-04-12 13:55:32 [scrapy.crawler] INFO: Overridden settings: {'BOT_NAME': 'merchant_crawler', 'LOG_FILE': 'log/scrapy_2019_4_12.log', 'NEWSPIDER_MODULE': 'merchant_crawler.spiders', 'SPIDER_MODULES': ['merchant_crawler.spiders']}
2019-04-12 13:55:32 [scrapy.extensions.telnet] INFO: Telnet Password: ae717f84b4eb5016
2019-04-12 13:55:32 [scrapy.middleware] INFO: Enabled extensions:
['scrapy.extensions.corestats.CoreStats',
 'scrapy.extensions.telnet.TelnetConsole',
 'scrapy.extensions.memusage.MemoryUsage',
 'scrapy.extensions.logstats.LogStats']
2019-04-12 13:55:32 [scrapy.middleware] INFO: Enabled downloader middlewares:
['scrapy.downloadermiddlewares.httpauth.HttpAuthMiddleware',
 'scrapy.downloadermiddlewares.downloadtimeout.DownloadTimeoutMiddleware',
 'scrapy.downloadermiddlewares.defaultheaders.DefaultHeadersMiddleware',
 'scrapy.downloadermiddlewares.useragent.UserAgentMiddleware',
 'scrapy.downloadermiddlewares.retry.RetryMiddleware',
 'scrapy.downloadermiddlewares.redirect.MetaRefreshMiddleware',
 'scrapy.downloadermiddlewares.httpcompression.HttpCompressionMiddleware',
 'scrapy.downloadermiddlewares.redirect.RedirectMiddleware',
 'scrapy.downloadermiddlewares.cookies.CookiesMiddleware',
 'scrapy.downloadermiddlewares.httpproxy.HttpProxyMiddleware',
 'scrapy.downloadermiddlewares.stats.DownloaderStats']
2019-04-12 13:55:32 [scrapy.middleware] INFO: Enabled spider middlewares:
['scrapy.spidermiddlewares.httperror.HttpErrorMiddleware',
 'scrapy.spidermiddlewares.offsite.OffsiteMiddleware',
 'merchant_crawler.middlewares.browser.selenium.SeleniumMiddleware',
 'scrapy.spidermiddlewares.referer.RefererMiddleware',
 'scrapy.spidermiddlewares.urllength.UrlLengthMiddleware',
 'scrapy.spidermiddlewares.depth.DepthMiddleware']
2019-04-12 13:55:38 [scrapy.middleware] INFO: Enabled item pipelines:
['merchant_crawler.middlewares.db.mySqlConnection.mySqlconnection']
2019-04-12 13:55:38 [scrapy.core.engine] INFO: Spider opened
2019-04-12 13:55:38 [scrapy.extensions.logstats] INFO: Crawled 0 pages (at 0 pages/min), scraped 0 items (at 0 items/min)
2019-04-12 13:55:38 [scrapy.extensions.telnet] INFO: Telnet console listening on 127.0.0.1:6023
2019-04-12 13:55:38 [scrapy.core.engine] DEBUG: Crawled (200) <GET https://www.baidu.com/s?ie=utf-8&f=8&rsv_bp=1&ch=&tn=baiduerr&bar=&wd=123> (referer: None)
2019-04-12 13:55:39 [scrapy.core.engine] INFO: Closing spider (finished)
2019-04-12 13:55:39 [scrapy.statscollectors] INFO: Dumping Scrapy stats:
{'downloader/request_bytes': 263,
 'downloader/request_count': 1,
 'downloader/request_method_count/GET': 1,
 'downloader/response_bytes': 986,
 'downloader/response_count': 1,
 'downloader/response_status_count/200': 1,
 'finish_reason': 'finished',
 'finish_time': datetime.datetime(2019, 4, 12, 5, 55, 39, 51840),
 'log_count/DEBUG': 1,
 'log_count/INFO': 9,
 'memusage/max': 90345472,
 'memusage/startup': 90345472,
 'response_received_count': 1,
 'scheduler/dequeued': 1,
 'scheduler/dequeued/memory': 1,
 'scheduler/enqueued': 1,
 'scheduler/enqueued/memory': 1,
 'start_time': datetime.datetime(2019, 4, 12, 5, 55, 38, 840873)}
2019-04-12 13:55:39 [scrapy.core.engine] INFO: Spider closed (finished)
2019-04-12 13:56:53 [scrapy.utils.log] INFO: Scrapy 1.6.0 started (bot: merchant_crawler)
2019-04-12 13:56:53 [scrapy.utils.log] INFO: Versions: lxml 4.3.3.0, libxml2 2.9.9, cssselect 1.0.3, parsel 1.5.1, w3lib 1.20.0, Twisted 18.9.0, Python 3.7.0 (v3.7.0:1bf9cc5093, Jun 26 2018, 23:26:24) - [Clang 6.0 (clang-600.0.57)], pyOpenSSL 19.0.0 (OpenSSL 1.1.1b  26 Feb 2019), cryptography 2.6.1, Platform Darwin-18.2.0-x86_64-i386-64bit
2019-04-12 13:56:53 [scrapy.crawler] INFO: Overridden settings: {'BOT_NAME': 'merchant_crawler', 'LOG_FILE': 'log/scrapy_2019_4_12.log', 'NEWSPIDER_MODULE': 'merchant_crawler.spiders', 'SPIDER_MODULES': ['merchant_crawler.spiders']}
2019-04-12 13:56:53 [scrapy.extensions.telnet] INFO: Telnet Password: cc67a287739f4ab7
2019-04-12 13:56:53 [scrapy.middleware] INFO: Enabled extensions:
['scrapy.extensions.corestats.CoreStats',
 'scrapy.extensions.telnet.TelnetConsole',
 'scrapy.extensions.memusage.MemoryUsage',
 'scrapy.extensions.logstats.LogStats']
2019-04-12 13:56:53 [scrapy.middleware] INFO: Enabled downloader middlewares:
['scrapy.downloadermiddlewares.httpauth.HttpAuthMiddleware',
 'scrapy.downloadermiddlewares.downloadtimeout.DownloadTimeoutMiddleware',
 'scrapy.downloadermiddlewares.defaultheaders.DefaultHeadersMiddleware',
 'scrapy.downloadermiddlewares.useragent.UserAgentMiddleware',
 'scrapy.downloadermiddlewares.retry.RetryMiddleware',
 'scrapy.downloadermiddlewares.redirect.MetaRefreshMiddleware',
 'scrapy.downloadermiddlewares.httpcompression.HttpCompressionMiddleware',
 'scrapy.downloadermiddlewares.redirect.RedirectMiddleware',
 'scrapy.downloadermiddlewares.cookies.CookiesMiddleware',
 'scrapy.downloadermiddlewares.httpproxy.HttpProxyMiddleware',
 'scrapy.downloadermiddlewares.stats.DownloaderStats']
2019-04-12 13:56:53 [scrapy.middleware] INFO: Enabled spider middlewares:
['scrapy.spidermiddlewares.httperror.HttpErrorMiddleware',
 'scrapy.spidermiddlewares.offsite.OffsiteMiddleware',
 'merchant_crawler.middlewares.browser.selenium.SeleniumMiddleware',
 'scrapy.spidermiddlewares.referer.RefererMiddleware',
 'scrapy.spidermiddlewares.urllength.UrlLengthMiddleware',
 'scrapy.spidermiddlewares.depth.DepthMiddleware']
2019-04-12 13:57:00 [scrapy.middleware] INFO: Enabled item pipelines:
['merchant_crawler.middlewares.db.mySqlConnection.mySqlconnection']
2019-04-12 13:57:00 [scrapy.core.engine] INFO: Spider opened
2019-04-12 13:57:00 [scrapy.extensions.logstats] INFO: Crawled 0 pages (at 0 pages/min), scraped 0 items (at 0 items/min)
2019-04-12 13:57:00 [scrapy.extensions.telnet] INFO: Telnet console listening on 127.0.0.1:6023
2019-04-12 13:57:00 [scrapy.core.engine] DEBUG: Crawled (200) <GET https://www.baidu.com/s?ie=utf-8&f=8&rsv_bp=1&ch=&tn=baiduerr&bar=&wd=123> (referer: None)
2019-04-12 13:57:00 [scrapy.core.engine] INFO: Closing spider (finished)
2019-04-12 13:57:00 [scrapy.statscollectors] INFO: Dumping Scrapy stats:
{'downloader/request_bytes': 263,
 'downloader/request_count': 1,
 'downloader/request_method_count/GET': 1,
 'downloader/response_bytes': 986,
 'downloader/response_count': 1,
 'downloader/response_status_count/200': 1,
 'finish_reason': 'finished',
 'finish_time': datetime.datetime(2019, 4, 12, 5, 57, 0, 691882),
 'log_count/DEBUG': 1,
 'log_count/INFO': 9,
 'memusage/max': 90230784,
 'memusage/startup': 90230784,
 'response_received_count': 1,
 'scheduler/dequeued': 1,
 'scheduler/dequeued/memory': 1,
 'scheduler/enqueued': 1,
 'scheduler/enqueued/memory': 1,
 'start_time': datetime.datetime(2019, 4, 12, 5, 57, 0, 459945)}
2019-04-12 13:57:00 [scrapy.core.engine] INFO: Spider closed (finished)
